getEffectivePKs called for table: user_type with info.pk_columns: type_no and columns: name type_no
getEffectivePKs returning res: type_no
getEffectivePKs returned for user_type size=1 elements: type_no
effective_pks[user_type] now has: type_no
getEffectivePKs called for table: user_info with info.pk_columns: user_no and columns: verify is_online create_date user_no lastname email gender password firstname type_no age mobile_number birthday img_source address peso_address
getEffectivePKs returning res: user_no email
getEffectivePKs returned for user_info size=2 elements: user_no email
effective_pks[user_info] now has: user_no email
getEffectivePKs called for table: currency_type with info.pk_columns: currency_type_id and columns: icon name currency_type_id
getEffectivePKs returning res: currency_type_id
getEffectivePKs returned for currency_type size=1 elements: currency_type_id
effective_pks[currency_type] now has: currency_type_id
getEffectivePKs called for table: user_wallet with info.pk_columns: and columns: amount currency_type_id user_no
getEffectivePKs returned for user_wallet size=0 elements:
effective_pks[user_wallet] now has:
getEffectivePKs called for table: ads_type with info.pk_columns: ads_type_id and columns: name ads_type_id
getEffectivePKs returning res: ads_type_id
getEffectivePKs returned for ads_type size=1 elements: ads_type_id
effective_pks[ads_type] now has: ads_type_id
getEffectivePKs called for table: transaction_type with info.pk_columns: transaction_type_id and columns: content url amount duration_unit duration currency_type_id ads_type_id code transaction_type_id
getEffectivePKs returning res: transaction_type_id
getEffectivePKs returned for transaction_type size=1 elements: transaction_type_id
effective_pks[transaction_type] now has: transaction_type_id
getEffectivePKs called for table: deposit_transactions with info.pk_columns: transaction_id and columns: end_time deposit_date transaction_type_id user_no transaction_id
getEffectivePKs returning res: transaction_id
getEffectivePKs returned for deposit_transactions size=1 elements: transaction_id
effective_pks[deposit_transactions] now has: transaction_id
getEffectivePKs called for table: days with info.pk_columns: and columns: _day
getEffectivePKs returned for days size=0 elements:
effective_pks[days] now has:
getEffectivePKs called for table: refer with info.pk_columns: refer_id and columns: user_no referedBy refer_id
getEffectivePKs returning res: refer_id
getEffectivePKs returned for refer size=1 elements: refer_id
effective_pks[refer] now has: refer_id
getEffectivePKs called for table: event with info.pk_columns: event_no and columns: created_by ended_date started_date event_name event_no
getEffectivePKs returning res: event_no
getEffectivePKs returned for event size=1 elements: event_no
effective_pks[event] now has: event_no
getEffectivePKs called for table: participant with info.pk_columns: and columns: user_no event_no
getEffectivePKs returned for participant size=0 elements:
effective_pks[participant] now has:
getEffectivePKs called for table: raffle with info.pk_columns: raffle_id and columns: created_by date_updated date_created raffle_draw max_winner description image code prize raffle_id
getEffectivePKs returning res: raffle_id
getEffectivePKs returned for raffle size=1 elements: raffle_id
effective_pks[raffle] now has: raffle_id
getEffectivePKs called for table: raffle_participant with info.pk_columns: p_no and columns: date_created email_address fb_profile lname fname raffle_id p_no
getEffectivePKs returning res: p_no
getEffectivePKs returned for raffle_participant size=1 elements: p_no
effective_pks[raffle_participant] now has: p_no
getEffectivePKs called for table: raffle_winner with info.pk_columns: and columns: date_created p_no
getEffectivePKs returned for raffle_winner size=0 elements:
effective_pks[raffle_winner] now has:
--- AFTER PASS 1 ---
  deposit_transactions.transaction_type_id -> transaction_type.transaction_type_id
  deposit_transactions.user_no -> user_info.user_no
  event.created_by -> user_info.user_no
  participant.event_no -> event.event_no
  participant.user_no -> user_info.user_no
  raffle.created_by -> user_info.user_no
  raffle_participant.raffle_id -> raffle.raffle_id
  raffle_winner.p_no -> raffle_participant.p_no
  refer.referedBy -> user_info.user_no
  refer.user_no -> user_info.user_no
  transaction_type.ads_type_id -> ads_type.ads_type_id
  transaction_type.currency_type_id -> currency_type.currency_type_id
  user_info.type_no -> user_type.type_no
  user_wallet.currency_type_id -> currency_type.currency_type_id
  user_wallet.user_no -> user_info.user_no
--- AFTER PASS 1.5 ---
  deposit_transactions.transaction_type_id -> transaction_type.transaction_type_id
  deposit_transactions.user_no -> user_info.user_no
  event.created_by -> user_info.user_no
  participant.event_no -> event.event_no
  participant.user_no -> user_info.user_no
  raffle.created_by -> user_info.user_no
  raffle_participant.raffle_id -> raffle.raffle_id
  raffle_winner.p_no -> raffle_participant.p_no
  refer.referedBy -> user_info.user_no
  refer.user_no -> user_info.user_no
  transaction_type.ads_type_id -> ads_type.ads_type_id
  transaction_type.currency_type_id -> currency_type.currency_type_id
  user_info.type_no -> user_type.type_no
  user_wallet.currency_type_id -> currency_type.currency_type_id
  user_wallet.user_no -> user_info.user_no
[DEBUG IS_PARENT] raffle_participant -> participant
[DEBUG IS_PARENT] raffle_participant -> raffle
[DEBUG IS_PARENT] raffle_winner -> refer
[DEBUG IS_PARENT] raffle_winner -> raffle
--- AFTER PASS 2 ---
  deposit_transactions.transaction_type_id -> transaction_type.transaction_type_id
  deposit_transactions.user_no -> user_info.user_no
  event.created_by -> user_info.user_no
  participant.event_no -> event.event_no
  participant.user_no -> user_info.user_no
  raffle.created_by -> user_info.user_no
  raffle_participant.raffle_id -> raffle.raffle_id
  raffle_winner.p_no -> raffle_participant.p_no
  refer.referedBy -> user_info.user_no
  refer.user_no -> user_info.user_no
  transaction_type.ads_type_id -> ads_type.ads_type_id
  transaction_type.currency_type_id -> currency_type.currency_type_id
  user_info.type_no -> user_type.type_no
  user_wallet.currency_type_id -> currency_type.currency_type_id
  user_wallet.user_no -> user_info.user_no
--- AFTER PASS 3 ---
  deposit_transactions.transaction_type_id -> transaction_type.transaction_type_id
  deposit_transactions.user_no -> user_info.user_no
  event.created_by -> user_info.user_no
  participant.event_no -> event.event_no
  participant.user_no -> user_info.user_no
  raffle.created_by -> user_info.user_no
  raffle_participant.raffle_id -> raffle.raffle_id
  raffle_winner.p_no -> raffle_participant.p_no
  refer.referedBy -> user_info.user_no
  refer.user_no -> user_info.user_no
  transaction_type.ads_type_id -> ads_type.ads_type_id
  transaction_type.currency_type_id -> currency_type.currency_type_id
  user_info.type_no -> user_type.type_no
  user_wallet.currency_type_id -> currency_type.currency_type_id
  user_wallet.user_no -> user_info.user_no
--- DEBUG findImpliedRelationships START ---
Table: user_type
  PKs: type_no 
  Cols: name(Varchar) type_no(Int) 
Table: user_info
  PKs: user_no email 
  Cols: verify(Boolean) is_online(Boolean) create_date(Timestamp) user_no(Int) lastname(Varchar) email(Varchar) gender(Varchar) password(Varchar) firstname(Varchar) type_no(Int) age(Int) mobile_number(Varchar) birthday(Date) img_source(Text) address(Varchar) peso_address(Varchar) 
Table: ads_type
  PKs: ads_type_id 
  Cols: name(Varchar) ads_type_id(Int) 
Table: currency_type
  PKs: currency_type_id 
  Cols: icon(Text) name(Varchar) currency_type_id(Int) 
Table: user_wallet
  PKs: 
  Cols: amount(Double) currency_type_id(Int) user_no(Int) 
Table: event
  PKs: event_no 
  Cols: created_by(Int) ended_date(Date) started_date(Timestamp) event_name(Varchar) event_no(Int) 
Table: participant
  PKs: 
  Cols: user_no(Int) event_no(Int) 
Table: deposit_transactions
  PKs: transaction_id 
  Cols: end_time(Timestamp) deposit_date(Timestamp) transaction_type_id(Int) user_no(Int) transaction_id(Int) 
Table: raffle_participant
  PKs: p_no 
  Cols: date_created(Timestamp) email_address(Varchar) fb_profile(Text) lname(Varchar) fname(Varchar) raffle_id(Int) p_no(Int) 
Table: transaction_type
  PKs: transaction_type_id 
  Cols: content(Text) url(Varchar) amount(Double) duration_unit(Varchar) duration(Int) currency_type_id(Int) ads_type_id(Int) code(Varchar) transaction_type_id(Int) 
Table: refer
  PKs: refer_id 
  Cols: user_no(Int) referedBy(Int) refer_id(Int) 
Table: raffle_winner
  PKs: 
  Cols: date_created(Timestamp) p_no(Int) 
Table: days
  PKs: 
  Cols: _day(Int) 
Table: raffle
  PKs: raffle_id 
  Cols: created_by(Int) date_updated(Timestamp) date_created(Timestamp) raffle_draw(Timestamp) max_winner(Int) description(Text) image(Text) code(Varchar) prize(Varchar) raffle_id(Int) 
deposit_transactions.transaction_type_id -> transaction_type.transaction_type_id
deposit_transactions.user_no -> user_info.user_no
event.created_by -> user_info.user_no
participant.event_no -> event.event_no
participant.user_no -> user_info.user_no
raffle.created_by -> user_info.user_no
raffle_participant.raffle_id -> raffle.raffle_id
raffle_winner.p_no -> raffle_participant.p_no
refer.referedBy -> user_info.user_no
refer.user_no -> user_info.user_no
transaction_type.ads_type_id -> ads_type.ads_type_id
transaction_type.currency_type_id -> currency_type.currency_type_id
user_info.type_no -> user_type.type_no
user_wallet.currency_type_id -> currency_type.currency_type_id
user_wallet.user_no -> user_info.user_no
--- DEBUG findImpliedRelationships END ---
