[local-ci] 01:07:15 - Building extension...
-- VEB will be installed to: /home/maxdemarzi/build/villagesql/veb_output_directory
-- VEB will be created at: /home/maxdemarzi/vsql-schematron/build/vsql_schematron.veb
-- Configuring done (0.0s)
-- Generating done (0.0s)
-- Build files have been written to: /home/maxdemarzi/vsql-schematron/build
[ 81%] Built target vsql_schematron_lib
[100%] Built target veb
[local-ci] 01:07:15 - VEB placed in /tmp/vsql-ci-veb-1441419
[local-ci] 01:07:15 - Running MTR tests...
Logging: /home/maxdemarzi/villagesql-server/mysql-test/mysql-test-run.pl  --suite=/home/maxdemarzi/vsql-schematron/mysql-test,/home/maxdemarzi/vsql-schematron/mysql-test/spider,/home/maxdemarzi/vsql-schematron/mysql-test/schemas_0,/home/maxdemarzi/vsql-schematron/mysql-test/schemas_1,/home/maxdemarzi/vsql-schematron/mysql-test/schemas_2,/home/maxdemarzi/vsql-schematron/mysql-test/schemas_3,/home/maxdemarzi/vsql-schematron/mysql-test/schemas_4,/home/maxdemarzi/vsql-schematron/mysql-test/schemas_5,/home/maxdemarzi/vsql-schematron/mysql-test/schemas_6 --parallel=12 --nounit-tests --mysqld=--veb-dir=/tmp/vsql-ci-veb-1441419 --mysqld=--vsql-allow-preview-extensions=ON
MySQL Version 8.4.9
Checking supported features
Using suite(s): /home/maxdemarzi/vsql-schematron/mysql-test,/home/maxdemarzi/vsql-schematron/mysql-test/schemas_0,/home/maxdemarzi/vsql-schematron/mysql-test/schemas_1,/home/maxdemarzi/vsql-schematron/mysql-test/schemas_2,/home/maxdemarzi/vsql-schematron/mysql-test/schemas_3,/home/maxdemarzi/vsql-schematron/mysql-test/schemas_4,/home/maxdemarzi/vsql-schematron/mysql-test/schemas_5,/home/maxdemarzi/vsql-schematron/mysql-test/schemas_6,/home/maxdemarzi/vsql-schematron/mysql-test/spider
Collecting tests
 - from '/home/maxdemarzi/vsql-schematron/mysql-test'
 - from '/home/maxdemarzi/vsql-schematron/mysql-test/schemas_0'
 - from '/home/maxdemarzi/vsql-schematron/mysql-test/schemas_1'
 - from '/home/maxdemarzi/vsql-schematron/mysql-test/schemas_2'
 - from '/home/maxdemarzi/vsql-schematron/mysql-test/schemas_3'
 - from '/home/maxdemarzi/vsql-schematron/mysql-test/schemas_4'
 - from '/home/maxdemarzi/vsql-schematron/mysql-test/schemas_5'
 - from '/home/maxdemarzi/vsql-schematron/mysql-test/schemas_6'
 - from '/home/maxdemarzi/vsql-schematron/mysql-test/spider'
Checking leftover processes
Removing old var directory
Creating var directory '/home/maxdemarzi/build/villagesql/mysql-test/var'
Installing system database
Using parallel: 12

==============================================================================
                  TEST NAME                   WORKER RESULT  TIME (ms) COMMENT
------------------------------------------------------------------------------
[  0%] /home/maxdemarzi/vsql-schematron/mysql-test.schematron_basic w2  [ pass ]      6
[  0%] /home/maxdemarzi/vsql-schematron/mysql-test.schema_relationships_data w12 [ pass ]    113
[  0%] /home/maxdemarzi/vsql-schematron/mysql-test/schemas_0.schema_relationships_001277_mymart w6  [ pass ]    128
[  0%] /home/maxdemarzi/vsql-schematron/mysql-test/schemas_0.schema_relationships_000650_db_ione w8  [ pass ]    120
[  0%] /home/maxdemarzi/vsql-schematron/mysql-test/schemas_0.schema_relationships_000282_schema w9  [ pass ]    118
[  0%] /home/maxdemarzi/vsql-schematron/mysql-test/schemas_0.schema_relationships_001062_quartz_postgres w4  [ pass ]    142
[  0%] /home/maxdemarzi/vsql-schematron/mysql-test/schemas_0.schema_relationships_000795_V002_init w7  [ pass ]    130
[  0%] /home/maxdemarzi/vsql-schematron/mysql-test.schema_relationships w10 [ pass ]    134
[  0%] /home/maxdemarzi/vsql-schematron/mysql-test.schema_cache_ready w3  [ pass ]    112
[  0%] /home/maxdemarzi/vsql-schematron/mysql-test/schemas_0.schema_relationships_000078_001_init w11 [ pass ]    135
[  0%] /home/maxdemarzi/vsql-schematron/mysql-test/schemas_0.schema_relationships_000279_devernet_db w5  [ pass ]    134
[  0%] /home/maxdemarzi/vsql-schematron/mysql-test/schemas_0.schema_relationships_001351_tables_db2_v72 w2  [ pass ]    140
[  0%] /home/maxdemarzi/vsql-schematron/mysql-test/schemas_0.schema_relationships_037289_ECRM_DB_SCRIPT_V19 w12 [ pass ]    119
[  0%] /home/maxdemarzi/vsql-schematron/mysql-test/schemas_1.schema_relationships_143712_schema_mysql w8  [ pass ]    114
[  1%] /home/maxdemarzi/vsql-schematron/mysql-test/schemas_2.schema_relationships_261159_bd_ahrm_cds w7  [ pass ]    135
[  1%] /home/maxdemarzi/vsql-schematron/mysql-test/schemas_2.schema_relationships_219766_V_1_create_secb w4  [ pass ]    130
[  1%] /home/maxdemarzi/vsql-schematron/mysql-test/schemas_0.schema_relationships_087376_schema w6  [ pass ]    145
[  1%] /home/maxdemarzi/vsql-schematron/mysql-test/schemas_1.schema_relationships_180937_02_quartz_oracle w9  [ pass ]    142
[  1%] /home/maxdemarzi/vsql-schematron/mysql-test/schemas_2.schema_relationships_293037_oficina w10 [ pass ]    122
[  1%] /home/maxdemarzi/vsql-schematron/mysql-test/schemas_3.schema_relationships_355612_eshop w11 [ pass ]    469
[  1%] /home/maxdemarzi/vsql-schematron/mysql-test/schemas_3.schema_relationships_382492_aeropuerto_campanero_db w5  [ pass ]    489
[  1%] /home/maxdemarzi/vsql-schematron/mysql-test/schemas_3.schema_relationships_324917_schema_044 w3  [ pass ]    650
[  1%] /home/maxdemarzi/vsql-schematron/mysql-test/schemas_0.schema_relationships_001748_latest_electro_v_2 w2  [ pass ]    537
[  1%] /home/maxdemarzi/vsql-schematron/mysql-test/schemas_1.schema_relationships_143873_create_tables w8  [ pass ]    128
[  1%] /home/maxdemarzi/vsql-schematron/mysql-test/schemas_0.schema_relationships_037806_flowable_oracle_upgradestep_5_99_0_to_6_0_0_identity w12 [ pass ]    129
[  1%] /home/maxdemarzi/vsql-schematron/mysql-test/schemas_0.schema_relationships_000110_V_51_create_sec w1  [ pass ]    994
[  1%] /home/maxdemarzi/vsql-schematron/mysql-test/schemas_2.schema_relationships_261921_create_db w7  [ pass ]    127
[  1%] /home/maxdemarzi/vsql-schematron/mysql-test/schemas_0.schema_relationships_087505_CreateDatabase_IntroSQL_VARCHAR w6  [ pass ]    126
[  1%] /home/maxdemarzi/vsql-schematron/mysql-test/schemas_2.schema_relationships_293492_lmsite_bgm w10 [ pass ]    120
[  2%] /home/maxdemarzi/vsql-schematron/mysql-test/schemas_2.schema_relationships_219805_1523153905 w4  [ pass ]    145
[  2%] /home/maxdemarzi/vsql-schematron/mysql-test/schemas_1.schema_relationships_181423_create_db w9  [ pass ]    129
[  2%] /home/maxdemarzi/vsql-schematron/mysql-test/schemas_3.schema_relationships_355824_schema w11 [ pass ]    128
[  2%] /home/maxdemarzi/vsql-schematron/mysql-test/schemas_3.schema_relationships_383060_stully w5  [ pass ]    118
[  2%] /home/maxdemarzi/vsql-schematron/mysql-test/schemas_0.schema_relationships_002135_team_project_sql_2_board w2  [ pass ]    116
[  2%] /home/maxdemarzi/vsql-schematron/mysql-test/schemas_3.schema_relationships_325139_init w3  [ pass ]    132
[  2%] /home/maxdemarzi/vsql-schematron/mysql-test/schemas_0.schema_relationships_037909_20191100000002_requests_mysql_up w12 [ pass ]    133
[  2%] /home/maxdemarzi/vsql-schematron/mysql-test/schemas_4.schema_relationships_411743_complete_v2 w1  [ pass ]    126
[  2%] /home/maxdemarzi/vsql-schematron/mysql-test/schemas_2.schema_relationships_262352_schema w7  [ pass ]    127
[  2%] /home/maxdemarzi/vsql-schematron/mysql-test/schemas_1.schema_relationships_144538_admin_system_20170529 w8  [ pass ]    159
[  2%] /home/maxdemarzi/vsql-schematron/mysql-test/schemas_0.schema_relationships_088446_up w6  [ pass ]    119
[  2%] /home/maxdemarzi/vsql-schematron/mysql-test/schemas_2.schema_relationships_293504_schema w10 [ pass ]    126
[  2%] /home/maxdemarzi/vsql-schematron/mysql-test/schemas_2.schema_relationships_219958_V1_1_Create w4  [ pass ]    156
[  2%] /home/maxdemarzi/vsql-schematron/mysql-test/schemas_1.schema_relationships_181569_insurence_company w9  [ pass ]    132
[  2%] /home/maxdemarzi/vsql-schematron/mysql-test/schemas_3.schema_relationships_383764_database w5  [ pass ]    128
[  3%] /home/maxdemarzi/vsql-schematron/mysql-test/schemas_3.schema_relationships_356467_schema w11 [ pass ]    148
[  3%] /home/maxdemarzi/vsql-schematron/mysql-test/schemas_0.schema_relationships_002260_1436333473 w2  [ pass ]    200
[  3%] /home/maxdemarzi/vsql-schematron/mysql-test/schemas_3.schema_relationships_325805_schema w3  [ pass ]    192
[  3%] /home/maxdemarzi/vsql-schematron/mysql-test/schemas_0.schema_relationships_037986_category_test w12 [ pass ]    171
[  3%] /home/maxdemarzi/vsql-schematron/mysql-test/schemas_2.schema_relationships_262537_schema w7  [ pass ]    245
[  3%] /home/maxdemarzi/vsql-schematron/mysql-test/schemas_2.schema_relationships_220191_init w4  [ pass ]    125
[  3%] /home/maxdemarzi/vsql-schematron/mysql-test/schemas_0.schema_relationships_088509_script_20biblioteca w6  [ pass ]    160
[  3%] /home/maxdemarzi/vsql-schematron/mysql-test/schemas_4.schema_relationships_411775_TSM_pg_new w1  [ pass ]    283
[  3%] /home/maxdemarzi/vsql-schematron/mysql-test/schemas_3.schema_relationships_384200_postgresql w5  [ pass ]    139
[  3%] /home/maxdemarzi/vsql-schematron/mysql-test/schemas_1.schema_relationships_182274_tables w9  [ pass ]    160
[  3%] /home/maxdemarzi/vsql-schematron/mysql-test/schemas_2.schema_relationships_293524_novel_re w10 [ pass ]    162
[  3%] /home/maxdemarzi/vsql-schematron/mysql-test/schemas_3.schema_relationships_356518_bank w11 [ pass ]    132
[  3%] /home/maxdemarzi/vsql-schematron/mysql-test/schemas_3.schema_relationships_326306_schema w3  [ pass ]    137
[  3%] /home/maxdemarzi/vsql-schematron/mysql-test/schemas_0.schema_relationships_002483_create w2  [ pass ]    155
[  3%] /home/maxdemarzi/vsql-schematron/mysql-test/schemas_0.schema_relationships_038373_PostgreSQLIdentity w12 [ pass ]    141
[  4%] /home/maxdemarzi/vsql-schematron/mysql-test/schemas_2.schema_relationships_262783_db_init w7  [ pass ]    136
[  4%] /home/maxdemarzi/vsql-schematron/mysql-test/schemas_2.schema_relationships_221314_data w4  [ pass ]    117
[  4%] /home/maxdemarzi/vsql-schematron/mysql-test/schemas_0.schema_relationships_088591_bookstorephp w6  [ pass ]    147
[  4%] /home/maxdemarzi/vsql-schematron/mysql-test/schemas_4.schema_relationships_412073_Script_oracle4 w1  [ pass ]    134
[  4%] /home/maxdemarzi/vsql-schematron/mysql-test/schemas_1.schema_relationships_182310_databaseConfig w9  [ pass ]    134
[  4%] /home/maxdemarzi/vsql-schematron/mysql-test/schemas_2.schema_relationships_293666_creation w10 [ pass ]    129
[  4%] /home/maxdemarzi/vsql-schematron/mysql-test/schemas_3.schema_relationships_356916_investigating_company w11 [ pass ]    122
[  4%] /home/maxdemarzi/vsql-schematron/mysql-test/schemas_0.schema_relationships_038578_ECRM_DB_SCRIPT_V21 w12 [ pass ]    134
[  4%] /home/maxdemarzi/vsql-schematron/mysql-test/schemas_0.schema_relationships_002531_tables_mysql_innodb w2  [ pass ]    158
[  4%] /home/maxdemarzi/vsql-schematron/mysql-test/schemas_3.schema_relationships_326675_db2 w3  [ pass ]    127
[  4%] /home/maxdemarzi/vsql-schematron/mysql-test/schemas_2.schema_relationships_222699_user w4  [ pass ]    121
[  4%] /home/maxdemarzi/vsql-schematron/mysql-test/schemas_2.schema_relationships_262893_diploma_v1 w7  [ pass ]    139
[  4%] /home/maxdemarzi/vsql-schematron/mysql-test/schemas_0.schema_relationships_088667_V_1_create_auth w6  [ pass ]    124
[  4%] /home/maxdemarzi/vsql-schematron/mysql-test/schemas_4.schema_relationships_412202_keimuo_snowtricks w1  [ pass ]    135
[  4%] /home/maxdemarzi/vsql-schematron/mysql-test/schemas_2.schema_relationships_294012_upgrade_base_v1 w10 [ pass ]    129
[  5%] /home/maxdemarzi/vsql-schematron/mysql-test/schemas_1.schema_relationships_182476_oracle w9  [ pass ]    120
[  5%] /home/maxdemarzi/vsql-schematron/mysql-test/schemas_3.schema_relationships_357917_upd_21_08_2019 w11 [ pass ]    118
[  5%] /home/maxdemarzi/vsql-schematron/mysql-test/schemas_0.schema_relationships_002550_report_h2 w2  [ pass ]    228
[  5%] /home/maxdemarzi/vsql-schematron/mysql-test/schemas_3.schema_relationships_326768_db_resto w3  [ pass ]    243
[  5%] /home/maxdemarzi/vsql-schematron/mysql-test/schemas_2.schema_relationships_223178_V1_0_0_create_structures w4  [ pass ]    202
[  5%] /home/maxdemarzi/vsql-schematron/mysql-test/schemas_2.schema_relationships_263397_ECRM_DB_SCRIPT_V18 w7  [ pass ]    179
[  5%] /home/maxdemarzi/vsql-schematron/mysql-test/schemas_0.schema_relationships_039045_init w12 [ pass ]    247
[  5%] /home/maxdemarzi/vsql-schematron/mysql-test/schemas_1.schema_relationships_144604_schema_157 w8  [ pass ]   1200
[  5%] /home/maxdemarzi/vsql-schematron/mysql-test/schemas_4.schema_relationships_412272_create w1  [ pass ]    181
[  5%] /home/maxdemarzi/vsql-schematron/mysql-test/schemas_3.schema_relationships_384635_V_51_create_sec w5  [ pass ]    742
[  5%] /home/maxdemarzi/vsql-schematron/mysql-test/schemas_1.schema_relationships_182506_TABLE_20RELATIONS w9  [ pass ]    188
[  5%] /home/maxdemarzi/vsql-schematron/mysql-test/schemas_2.schema_relationships_294439_hsqldb_create_strict w10 [ pass ]    154
[  5%] /home/maxdemarzi/vsql-schematron/mysql-test/schemas_3.schema_relationships_358052_db_schema w11 [ pass ]    150
[  5%] /home/maxdemarzi/vsql-schematron/mysql-test/schemas_0.schema_relationships_088834_db_inventory_medis w6  [ pass ]    264
[  5%] /home/maxdemarzi/vsql-schematron/mysql-test/schemas_0.schema_relationships_002801_PL02_SQL_20DML_20SELECT_Ex_20Campeonato_Criar_20BD w2  [ pass ]    124
[  6%] /home/maxdemarzi/vsql-schematron/mysql-test/schemas_3.schema_relationships_328196_migrations w3  [ pass ]    136
[  6%] /home/maxdemarzi/vsql-schematron/mysql-test/schemas_2.schema_relationships_264126_V1_event_store w7  [ pass ]    118
[  6%] /home/maxdemarzi/vsql-schematron/mysql-test/schemas_0.schema_relationships_039178_quartz_tables_hsql w12 [ pass ]    156
[  6%] /home/maxdemarzi/vsql-schematron/mysql-test/schemas_1.schema_relationships_145057_food_ordering1 w8  [ pass ]    122
[  6%] /home/maxdemarzi/vsql-schematron/mysql-test/schemas_2.schema_relationships_223207_banco w4  [ pass ]    188
[  6%] /home/maxdemarzi/vsql-schematron/mysql-test/schemas_3.schema_relationships_384673_lab3 w5  [ pass ]    128
[  6%] /home/maxdemarzi/vsql-schematron/mysql-test/schemas_1.schema_relationships_184198_migration w9  [ pass ]    115
[  6%] /home/maxdemarzi/vsql-schematron/mysql-test/schemas_4.schema_relationships_414186_V001_create_tables w1  [ pass ]    160
[  6%] /home/maxdemarzi/vsql-schematron/mysql-test/schemas_2.schema_relationships_294519_garage w10 [ pass ]    134
[  6%] /home/maxdemarzi/vsql-schematron/mysql-test/schemas_3.schema_relationships_358327_setup_database w11 [ pass ]    128
[  6%] /home/maxdemarzi/vsql-schematron/mysql-test/schemas_0.schema_relationships_089073_job w6  [ pass ]    157
[  6%] /home/maxdemarzi/vsql-schematron/mysql-test/schemas_0.schema_relationships_002864_031_HIVE_17566_mssql w2  [ pass ]    133
[  6%] /home/maxdemarzi/vsql-schematron/mysql-test/schemas_3.schema_relationships_329371_simple_library_create w3  [ pass ]    126
[  6%] /home/maxdemarzi/vsql-schematron/mysql-test/schemas_2.schema_relationships_264326_personnage w7  [ pass ]    131
[  7%] /home/maxdemarzi/vsql-schematron/mysql-test/schemas_1.schema_relationships_145403_db w8  [ pass ]    126
[  7%] /home/maxdemarzi/vsql-schematron/mysql-test/schemas_2.schema_relationships_223306_sagittarius w4  [ pass ]    122
[  7%] /home/maxdemarzi/vsql-schematron/mysql-test/schemas_3.schema_relationships_359016_create_ddl w11 [ pass ]    132
[  7%] /home/maxdemarzi/vsql-schematron/mysql-test/schemas_4.schema_relationships_414549_complete_v5 w1  [ pass ]    140
[  7%] /home/maxdemarzi/vsql-schematron/mysql-test/schemas_0.schema_relationships_089760_clean w6  [ pass ]    132
[  7%] /home/maxdemarzi/vsql-schematron/mysql-test/schemas_1.schema_relationships_184481_gmall w9  [ pass ]    171
[  7%] /home/maxdemarzi/vsql-schematron/mysql-test/schemas_2.schema_relationships_294626_up w10 [ pass ]    123
[  7%] /home/maxdemarzi/vsql-schematron/mysql-test/schemas_3.schema_relationships_384835_1100_AddNewTables50 w5  [ pass ]    286
[  7%] /home/maxdemarzi/vsql-schematron/mysql-test/schemas_1.schema_relationships_145835_V1_init w8  [ pass ]    200
[  7%] /home/maxdemarzi/vsql-schematron/mysql-test/schemas_3.schema_relationships_330571_banco_de_dados_tcc w3  [ pass ]    253
[  7%] /home/maxdemarzi/vsql-schematron/mysql-test/schemas_2.schema_relationships_223507_exam_prep_2_exercises w4  [ pass ]    175
[  7%] /home/maxdemarzi/vsql-schematron/mysql-test/schemas_2.schema_relationships_264351_TABLES w7  [ pass ]    259
[  7%] /home/maxdemarzi/vsql-schematron/mysql-test/schemas_0.schema_relationships_003193_all w2  [ pass ]    221
[  7%] /home/maxdemarzi/vsql-schematron/mysql-test/schemas_3.schema_relationships_360296_tableSetup w11 [ pass ]    210
[  7%] /home/maxdemarzi/vsql-schematron/mysql-test/schemas_4.schema_relationships_415724_gdi w1  [ pass ]    223
[  8%] /home/maxdemarzi/vsql-schematron/mysql-test/schemas_0.schema_relationships_090127_V_1_create_secb w6  [ pass ]    219
[  8%] /home/maxdemarzi/vsql-schematron/mysql-test/schemas_1.schema_relationships_184890_db w9  [ pass ]    213
[  8%] /home/maxdemarzi/vsql-schematron/mysql-test/schemas_2.schema_relationships_294696_tables w10 [ pass ]    193
[  8%] /home/maxdemarzi/vsql-schematron/mysql-test/schemas_3.schema_relationships_384939_db w5  [ pass ]    142
[  8%] /home/maxdemarzi/vsql-schematron/mysql-test/schemas_0.schema_relationships_039788_V_48_create_sec w12 [ pass ]    729
[  8%] /home/maxdemarzi/vsql-schematron/mysql-test/schemas_3.schema_relationships_330816_V1_0_0_create_schema w3  [ pass ]    134
[  8%] /home/maxdemarzi/vsql-schematron/mysql-test/schemas_2.schema_relationships_224235_2_permissions w4  [ pass ]    130
[  8%] /home/maxdemarzi/vsql-schematron/mysql-test/schemas_2.schema_relationships_264607_create_db w7  [ pass ]    130
[  8%] /home/maxdemarzi/vsql-schematron/mysql-test/schemas_0.schema_relationships_003858_1452198349 w2  [ pass ]    130
[  8%] /home/maxdemarzi/vsql-schematron/mysql-test/schemas_3.schema_relationships_360573_films w11 [ pass ]    137
[  8%] /home/maxdemarzi/vsql-schematron/mysql-test/schemas_2.schema_relationships_295130_V1_CreateDB w10 [ pass ]    125
[  8%] /home/maxdemarzi/vsql-schematron/mysql-test/schemas_4.schema_relationships_416057_website_ci w1  [ pass ]    162
[  8%] /home/maxdemarzi/vsql-schematron/mysql-test/schemas_1.schema_relationships_185050_flowable_mssql_upgradestep_59900_to_6000_all w9  [ pass ]    125
[  8%] /home/maxdemarzi/vsql-schematron/mysql-test/schemas_3.schema_relationships_385027_iBase4J w5  [ pass ]    165
[  8%] /home/maxdemarzi/vsql-schematron/mysql-test/schemas_0.schema_relationships_039922_ResM_Blank w12 [ pass ]    121
[  9%] /home/maxdemarzi/vsql-schematron/mysql-test/schemas_0.schema_relationships_090433_uss_sam_ipm_create_oracle w6  [ pass ]    277
[  9%] /home/maxdemarzi/vsql-schematron/mysql-test/schemas_0.schema_relationships_004207_zeko_test w2  [ pass ]    118
[  9%] /home/maxdemarzi/vsql-schematron/mysql-test/schemas_3.schema_relationships_331047_20201130223533 w3  [ pass ]    163
[  9%] /home/maxdemarzi/vsql-schematron/mysql-test/schemas_2.schema_relationships_224317_semag w4  [ pass ]    115
[  9%] /home/maxdemarzi/vsql-schematron/mysql-test/schemas_2.schema_relationships_264930_db_default w7  [ pass ]    134
[  9%] /home/maxdemarzi/vsql-schematron/mysql-test/schemas_3.schema_relationships_360697_db w11 [ pass ]    132
[  9%] /home/maxdemarzi/vsql-schematron/mysql-test/schemas_1.schema_relationships_185150_20150318164937_initialize_database w9  [ pass ]    133
[  9%] /home/maxdemarzi/vsql-schematron/mysql-test/schemas_2.schema_relationships_295145_SQLExample_Sakila w10 [ pass ]    167
[  9%] /home/maxdemarzi/vsql-schematron/mysql-test/schemas_3.schema_relationships_385398_mbti w5  [ pass ]    127
[  9%] /home/maxdemarzi/vsql-schematron/mysql-test/schemas_0.schema_relationships_040203_schema w12 [ pass ]    132
[  9%] /home/maxdemarzi/vsql-schematron/mysql-test/schemas_1.schema_relationships_146175_V_48_create_sec w8  [ pass ]    675
[  9%] /home/maxdemarzi/vsql-schematron/mysql-test/schemas_0.schema_relationships_091041_create_20tables w6  [ pass ]    129
[  9%] /home/maxdemarzi/vsql-schematron/mysql-test/schemas_2.schema_relationships_224741_initial_schema w4  [ pass ]    287
[  9%] /home/maxdemarzi/vsql-schematron/mysql-test/schemas_4.schema_relationships_416200_uss_ion_isg_create_oracle w1  [ pass ]    284
[  9%] /home/maxdemarzi/vsql-schematron/mysql-test/schemas_0.schema_relationships_004464_flowable_oracle_create_batch w2  [ pass ]    254
[ 10%] /home/maxdemarzi/vsql-schematron/mysql-test/schemas_3.schema_relationships_331097_V1_0_0_init_db w3  [ pass ]    295
[ 10%] /home/maxdemarzi/vsql-schematron/mysql-test/schemas_2.schema_relationships_265276_1_iBase4J w7  [ pass ]    286
[ 10%] /home/maxdemarzi/vsql-schematron/mysql-test/schemas_1.schema_relationships_185188_TableCreation w9  [ pass ]    209
[ 10%] /home/maxdemarzi/vsql-schematron/mysql-test/schemas_3.schema_relationships_361194_create w11 [ pass ]    212
[ 10%] /home/maxdemarzi/vsql-schematron/mysql-test/schemas_0.schema_relationships_041291_create_table_model w12 [ pass ]    157
[ 10%] /home/maxdemarzi/vsql-schematron/mysql-test/schemas_3.schema_relationships_385427_ofee_portfolio w5  [ pass ]    137
[ 10%] /home/maxdemarzi/vsql-schematron/mysql-test/schemas_1.schema_relationships_146398_up w8  [ pass ]    131
[ 10%] /home/maxdemarzi/vsql-schematron/mysql-test/schemas_0.schema_relationships_091357_V_1_create_len w6  [ pass ]    145
[ 10%] /home/maxdemarzi/vsql-schematron/mysql-test/schemas_2.schema_relationships_296442_uss_ion_ulm_create_altibase w10 [ pass ]    434
[ 10%] /home/maxdemarzi/vsql-schematron/mysql-test/schemas_2.schema_relationships_225255_init w4  [ pass ]    201
[ 10%] /home/maxdemarzi/vsql-schematron/mysql-test/schemas_0.schema_relationships_004807_trip_calculator w2  [ pass ]    244
[ 10%] /home/maxdemarzi/vsql-schematron/mysql-test/schemas_1.schema_relationships_186623_000002_resources_table_up w9  [ pass ]    193
[ 10%] /home/maxdemarzi/vsql-schematron/mysql-test/schemas_3.schema_relationships_361372_01_create_database w11 [ pass ]    215
[ 10%] /home/maxdemarzi/vsql-schematron/mysql-test/schemas_4.schema_relationships_416372_coffeeshop w1  [ pass ]    260
[ 10%] /home/maxdemarzi/vsql-schematron/mysql-test/schemas_3.schema_relationships_331671_temperature_20_E6_95_B0_E6_8D_AE_E5_BA_93_E5_BB_BA_E7_AB_8B_EF_BC_88_E4_B8_8D_E5_90_AB_E6_95_B0_E6_8D_AE_EF_BC_89 w3  [ pass ]    685
[ 11%] /home/maxdemarzi/vsql-schematron/mysql-test/schemas_2.schema_relationships_265429_tables_h2 w7  [ pass ]    467
[ 11%] /home/maxdemarzi/vsql-schematron/mysql-test/schemas_0.schema_relationships_005115_jilo w2  [ pass ]   1256
[ 11%] /home/maxdemarzi/vsql-schematron/mysql-test/schemas_1.schema_relationships_146715_V_2_create_auth w8  [ pass ]   1446
[ 11%] /home/maxdemarzi/vsql-schematron/mysql-test/schemas_0.schema_relationships_041654_uss_ion_tir_create_oracle w12 [ pass ]   1941
[ 11%] /home/maxdemarzi/vsql-schematron/mysql-test/schemas_3.schema_relationships_361678_db w11 [ pass ]   1369
[ 11%] /home/maxdemarzi/vsql-schematron/mysql-test/schemas_2.schema_relationships_296911_dabase_schema w10 [ pass ]   1477
[ 11%] /home/maxdemarzi/vsql-schematron/mysql-test/schemas_2.schema_relationships_225551_orderdb_sql_ddl w4  [ pass ]   1478
[ 11%] /home/maxdemarzi/vsql-schematron/mysql-test/schemas_2.schema_relationships_265946_V2_18_0_Update w7  [ pass ]    434
[ 11%] /home/maxdemarzi/vsql-schematron/mysql-test/schemas_1.schema_relationships_187196_V1_1_Create w9  [ pass ]   1461
[ 11%] /home/maxdemarzi/vsql-schematron/mysql-test/schemas_4.schema_relationships_416374_init_tables w1  [ pass ]   1444
[ 11%] /home/maxdemarzi/vsql-schematron/mysql-test/schemas_0.schema_relationships_005429_20201114224330_initial w2  [ pass ]    127
[ 11%] /home/maxdemarzi/vsql-schematron/mysql-test/schemas_3.schema_relationships_332667_sym_log_plg_create_postgres w3  [ pass ]    727
[ 11%] /home/maxdemarzi/vsql-schematron/mysql-test/schemas_0.schema_relationships_092918_uss_mpe_create_oracle w6  [ pass ]   1682
[ 11%] /home/maxdemarzi/vsql-schematron/mysql-test/schemas_1.schema_relationships_147057_Rest_DB w8  [ pass ]    144
[ 11%] /home/maxdemarzi/vsql-schematron/mysql-test/schemas_3.schema_relationships_362391_database w11 [ pass ]    134
[ 12%] /home/maxdemarzi/vsql-schematron/mysql-test/schemas_0.schema_relationships_041749_tables_mysql w12 [ pass ]    160
[ 12%] /home/maxdemarzi/vsql-schematron/mysql-test/schemas_2.schema_relationships_226417_migration w4  [ pass ]    118
[ 12%] /home/maxdemarzi/vsql-schematron/mysql-test/schemas_2.schema_relationships_266245_dbexport w7  [ pass ]    126
[ 12%] /home/maxdemarzi/vsql-schematron/mysql-test/schemas_4.schema_relationships_418479_spotify w1  [ pass ]    137
[ 12%] /home/maxdemarzi/vsql-schematron/mysql-test/schemas_1.schema_relationships_187969_j2e8 w9  [ pass ]    125
[ 12%] /home/maxdemarzi/vsql-schematron/mysql-test/schemas_0.schema_relationships_005824_squema w2  [ pass ]    130
[ 12%] /home/maxdemarzi/vsql-schematron/mysql-test/schemas_2.schema_relationships_297576_uss_olp_mgt_create_postgres w10 [ pass ]    305
[ 12%] /home/maxdemarzi/vsql-schematron/mysql-test/schemas_3.schema_relationships_332966_dump4 w3  [ pass ]    172
[ 12%] /home/maxdemarzi/vsql-schematron/mysql-test/schemas_0.schema_relationships_093100_V001_inital_schema w6  [ pass ]    144
[ 12%] /home/maxdemarzi/vsql-schematron/mysql-test/schemas_1.schema_relationships_147212_042_international_shipping_ports_mysql w8  [ pass ]    121
[ 12%] /home/maxdemarzi/vsql-schematron/mysql-test/schemas_3.schema_relationships_362481_create_db w11 [ pass ]    123
[ 12%] /home/maxdemarzi/vsql-schematron/mysql-test/schemas_2.schema_relationships_226639_pokemon_db_seed w4  [ pass ]    118
[ 12%] /home/maxdemarzi/vsql-schematron/mysql-test/schemas_0.schema_relationships_041755_dmbs_example w12 [ pass ]    141
[ 12%] /home/maxdemarzi/vsql-schematron/mysql-test/schemas_3.schema_relationships_386274_V_52_create_sec w5  [ pass ]   2540
[ 13%] /home/maxdemarzi/vsql-schematron/mysql-test/schemas_4.schema_relationships_418483_P5_php_database w1  [ pass ]    158
[ 13%] /home/maxdemarzi/vsql-schematron/mysql-test/schemas_2.schema_relationships_266653_1442536707 w7  [ pass ]    209
[ 13%] /home/maxdemarzi/vsql-schematron/mysql-test/schemas_0.schema_relationships_093471_V0_0_1_Create_tables w6  [ pass ]    119
[ 13%] /home/maxdemarzi/vsql-schematron/mysql-test/schemas_2.schema_relationships_227536_store_schema w4  [ pass ]    135
[ 13%] /home/maxdemarzi/vsql-schematron/mysql-test/schemas_1.schema_relationships_147535_fresh_forkcms_install w8  [ pass ]    142
[ 13%] /home/maxdemarzi/vsql-schematron/mysql-test/schemas_2.schema_relationships_297968_database w10 [ pass ]    218
[ 13%] /home/maxdemarzi/vsql-schematron/mysql-test/schemas_3.schema_relationships_333458_V1_0_initial w3  [ pass ]    143
[ 13%] /home/maxdemarzi/vsql-schematron/mysql-test/schemas_3.schema_relationships_362615_V1_schema w11 [ pass ]    140
[ 13%] /home/maxdemarzi/vsql-schematron/mysql-test/schemas_0.schema_relationships_042001_h2_schema w12 [ pass ]    133
[ 13%] /home/maxdemarzi/vsql-schematron/mysql-test/schemas_1.schema_relationships_187981_cop_smt_mtm_create_postgres w9  [ pass ]    408
[ 13%] /home/maxdemarzi/vsql-schematron/mysql-test/schemas_3.schema_relationships_386280_20210719141901_CB_13065_remove_datalakeresource_and_servicedescriptor w5  [ pass ]    124
[ 13%] /home/maxdemarzi/vsql-schematron/mysql-test/schemas_4.schema_relationships_418866_1_20create_20db w1  [ pass ]    138
[ 13%] /home/maxdemarzi/vsql-schematron/mysql-test/schemas_2.schema_relationships_266765_V2_10_0_Initial w7  [ pass ]    133
[ 13%] /home/maxdemarzi/vsql-schematron/mysql-test/schemas_0.schema_relationships_094920_20201003180941_referrals_up w6  [ pass ]    126
[ 13%] /home/maxdemarzi/vsql-schematron/mysql-test/schemas_3.schema_relationships_333549_profile w3  [ pass ]    126
[ 14%] /home/maxdemarzi/vsql-schematron/mysql-test/schemas_2.schema_relationships_228074_quartz w4  [ pass ]    165
[ 14%] /home/maxdemarzi/vsql-schematron/mysql-test/schemas_1.schema_relationships_149344_iEnergy w8  [ pass ]    155
[ 14%] /home/maxdemarzi/vsql-schematron/mysql-test/schemas_3.schema_relationships_362780_dumpSiCAEtestes w11 [ pass ]    162
[ 14%] /home/maxdemarzi/vsql-schematron/mysql-test/schemas_1.schema_relationships_188863_up w9  [ pass ]    118
[ 14%] /home/maxdemarzi/vsql-schematron/mysql-test/schemas_3.schema_relationships_386433_schema w5  [ pass ]    121
[ 14%] /home/maxdemarzi/vsql-schematron/mysql-test/schemas_4.schema_relationships_419425_UPDATED_script w1  [ pass ]    123
[ 14%] /home/maxdemarzi/vsql-schematron/mysql-test/schemas_2.schema_relationships_298315_structure w10 [ pass ]    303
[ 14%] /home/maxdemarzi/vsql-schematron/mysql-test/schemas_0.schema_relationships_044055_uat_uap_create_postgres w12 [ pass ]    296
[ 14%] /home/maxdemarzi/vsql-schematron/mysql-test/schemas_2.schema_relationships_266780_schema_sqlite w7  [ pass ]    161
[ 14%] /home/maxdemarzi/vsql-schematron/mysql-test/schemas_0.schema_relationships_094926_create w6  [ pass ]    151
[ 14%] /home/maxdemarzi/vsql-schematron/mysql-test/schemas_0.schema_relationships_006296_V_54_create_sec w2  [ pass ]    800
[ 14%] /home/maxdemarzi/vsql-schematron/mysql-test/schemas_3.schema_relationships_333568_db_schema w3  [ pass ]    131
[ 14%] /home/maxdemarzi/vsql-schematron/mysql-test/schemas_2.schema_relationships_228337_prod_mplv w4  [ pass ]    132
[ 14%] /home/maxdemarzi/vsql-schematron/mysql-test/schemas_3.schema_relationships_363514_utcshop w11 [ pass ]    141
[ 14%] /home/maxdemarzi/vsql-schematron/mysql-test/schemas_4.schema_relationships_420425_22 w1  [ pass ]    117
[ 15%] /home/maxdemarzi/vsql-schematron/mysql-test/schemas_3.schema_relationships_386756_schedule w5  [ pass ]    143
[ 15%] /home/maxdemarzi/vsql-schematron/mysql-test/schemas_1.schema_relationships_188951_dump3 w9  [ pass ]    168
[ 15%] /home/maxdemarzi/vsql-schematron/mysql-test/schemas_0.schema_relationships_095036_docker_mysql_init w6  [ pass ]    191
[ 15%] /home/maxdemarzi/vsql-schematron/mysql-test/schemas_0.schema_relationships_006831_cah_cards w2  [ pass ]    163
[ 15%] /home/maxdemarzi/vsql-schematron/mysql-test/schemas_3.schema_relationships_333715_structure w3  [ pass ]    163
[ 15%] /home/maxdemarzi/vsql-schematron/mysql-test/schemas_2.schema_relationships_267736_CreateInitialDB w7  [ pass ]    220
[ 15%] /home/maxdemarzi/vsql-schematron/mysql-test/schemas_1.schema_relationships_149466_uss_ion_ans_create_altibase w8  [ pass ]    418
[ 15%] /home/maxdemarzi/vsql-schematron/mysql-test/schemas_2.schema_relationships_298607_data_engineering w10 [ pass ]    148
[ 15%] /home/maxdemarzi/vsql-schematron/mysql-test/schemas_0.schema_relationships_044099_uss_ion_ism_create_altibase w12 [ pass ]    292
[ 15%] /home/maxdemarzi/vsql-schematron/mysql-test/schemas_2.schema_relationships_230073_rss_schema w4  [ pass ]    245
[ 15%] /home/maxdemarzi/vsql-schematron/mysql-test/schemas_1.schema_relationships_189009_script_consultorio_clinico w9  [ pass ]    126
[ 15%] /home/maxdemarzi/vsql-schematron/mysql-test/schemas_4.schema_relationships_420635_project1 w1  [ pass ]    169
[ 15%] /home/maxdemarzi/vsql-schematron/mysql-test/schemas_3.schema_relationships_387562_iB4fj w5  [ pass ]    168
[ 15%] /home/maxdemarzi/vsql-schematron/mysql-test/schemas_3.schema_relationships_363594_Dump w11 [ pass ]    167
[ 15%] /home/maxdemarzi/vsql-schematron/mysql-test/schemas_0.schema_relationships_095101_init w6  [ pass ]    120
[ 16%] /home/maxdemarzi/vsql-schematron/mysql-test/schemas_3.schema_relationships_333743_complete_v3 w3  [ pass ]    147
[ 16%] /home/maxdemarzi/vsql-schematron/mysql-test/schemas_0.schema_relationships_007356_memor w2  [ pass ]    140
[ 16%] /home/maxdemarzi/vsql-schematron/mysql-test/schemas_2.schema_relationships_268038_schema w7  [ pass ]    125
[ 16%] /home/maxdemarzi/vsql-schematron/mysql-test/schemas_1.schema_relationships_149495_create w8  [ pass ]    131
[ 16%] /home/maxdemarzi/vsql-schematron/mysql-test/schemas_2.schema_relationships_298756_schema w10 [ pass ]    140
[ 16%] /home/maxdemarzi/vsql-schematron/mysql-test/schemas_0.schema_relationships_044115_ros_database w12 [ pass ]    126
[ 16%] /home/maxdemarzi/vsql-schematron/mysql-test/schemas_1.schema_relationships_191194_createtables w9  [ pass ]    139
[ 16%] /home/maxdemarzi/vsql-schematron/mysql-test/schemas_4.schema_relationships_421130_1499274289 w1  [ pass ]    127
[ 16%] /home/maxdemarzi/vsql-schematron/mysql-test/schemas_3.schema_relationships_388817_beer_aniket w5  [ pass ]    141
[ 16%] /home/maxdemarzi/vsql-schematron/mysql-test/schemas_3.schema_relationships_363603_VideoCoursePlatformTableStatements w11 [ pass ]    141
[ 16%] /home/maxdemarzi/vsql-schematron/mysql-test/schemas_2.schema_relationships_230772_uss_olh_wor_create_tibero w4  [ pass ]    272
[ 16%] /home/maxdemarzi/vsql-schematron/mysql-test/schemas_0.schema_relationships_095657_01aCreateDbTables_test w6  [ pass ]    130
[ 16%] /home/maxdemarzi/vsql-schematron/mysql-test/schemas_3.schema_relationships_333839_flowable_h2_upgradestep_59900_to_6000_all w3  [ pass ]    131
[ 16%] /home/maxdemarzi/vsql-schematron/mysql-test/schemas_0.schema_relationships_007428_zheng_ucenter w2  [ pass ]    129
[ 16%] /home/maxdemarzi/vsql-schematron/mysql-test/schemas_2.schema_relationships_268754_up w7  [ pass ]    127
[ 17%] /home/maxdemarzi/vsql-schematron/mysql-test/schemas_0.schema_relationships_044629_schema w12 [ pass ]    133
[ 17%] /home/maxdemarzi/vsql-schematron/mysql-test/schemas_2.schema_relationships_298816_22_20Exercicio_204 w10 [ pass ]    139
[ 17%] /home/maxdemarzi/vsql-schematron/mysql-test/schemas_1.schema_relationships_191220_dbcreate w9  [ pass ]    136
[ 17%] /home/maxdemarzi/vsql-schematron/mysql-test/schemas_4.schema_relationships_421239_SQL w1  [ pass ]    128
[ 17%] /home/maxdemarzi/vsql-schematron/mysql-test/schemas_1.schema_relationships_150114_uss_ion_ism_create_tibero w8  [ pass ]    298
[ 17%] /home/maxdemarzi/vsql-schematron/mysql-test/schemas_3.schema_relationships_364227_CrimeyBoyz w11 [ pass ]    133
[ 17%] /home/maxdemarzi/vsql-schematron/mysql-test/schemas_2.schema_relationships_231673_init w4  [ pass ]    127
[ 17%] /home/maxdemarzi/vsql-schematron/mysql-test/schemas_3.schema_relationships_389082_up w5  [ pass ]    122
[ 17%] /home/maxdemarzi/vsql-schematron/mysql-test/schemas_0.schema_relationships_095829_1451595479 w6  [ pass ]    140
[ 17%] /home/maxdemarzi/vsql-schematron/mysql-test/schemas_2.schema_relationships_269519_V1_0_0_Quartz w7  [ pass ]    265
[ 17%] /home/maxdemarzi/vsql-schematron/mysql-test/schemas_3.schema_relationships_334330_PostgreSQL4Quartz w3  [ pass ]    280
[ 17%] /home/maxdemarzi/vsql-schematron/mysql-test/schemas_2.schema_relationships_299084_winwin_struct w10 [ pass ]    203
[ 17%] /home/maxdemarzi/vsql-schematron/mysql-test/schemas_1.schema_relationships_151415_hyperparameter w8  [ pass ]    169
[ 17%] /home/maxdemarzi/vsql-schematron/mysql-test/schemas_4.schema_relationships_421637_database w1  [ pass ]    245
[ 17%] /home/maxdemarzi/vsql-schematron/mysql-test/schemas_2.schema_relationships_231794_otracker_create_table w4  [ pass ]    146
[ 18%] /home/maxdemarzi/vsql-schematron/mysql-test/schemas_3.schema_relationships_389218_schema w5  [ pass ]    126
[ 18%] /home/maxdemarzi/vsql-schematron/mysql-test/schemas_0.schema_relationships_096152_kh_schema w6  [ pass ]    154
[ 18%] /home/maxdemarzi/vsql-schematron/mysql-test/schemas_1.schema_relationships_191760_createdb w9  [ pass ]    262
[ 18%] /home/maxdemarzi/vsql-schematron/mysql-test/schemas_3.schema_relationships_364485_hsqldb_create w11 [ pass ]    183
[ 18%] /home/maxdemarzi/vsql-schematron/mysql-test/schemas_2.schema_relationships_269949_schema w7  [ pass ]    144
[ 18%] /home/maxdemarzi/vsql-schematron/mysql-test/schemas_3.schema_relationships_334465_third w3  [ pass ]    138
[ 18%] /home/maxdemarzi/vsql-schematron/mysql-test/schemas_2.schema_relationships_299938_1 w10 [ pass ]    134
[ 18%] /home/maxdemarzi/vsql-schematron/mysql-test/schemas_1.schema_relationships_151602_db_scripts w8  [ pass ]    136
[ 18%] /home/maxdemarzi/vsql-schematron/mysql-test/schemas_2.schema_relationships_232388_install w4  [ pass ]    131
[ 18%] /home/maxdemarzi/vsql-schematron/mysql-test/schemas_0.schema_relationships_096659_V1_1_init_tables w6  [ pass ]    138
[ 18%] /home/maxdemarzi/vsql-schematron/mysql-test/schemas_3.schema_relationships_390837_complete_v6 w5  [ pass ]    156
[ 18%] /home/maxdemarzi/vsql-schematron/mysql-test/schemas_1.schema_relationships_192390_V1_Base_Version w9  [ pass ]    194
[ 18%] /home/maxdemarzi/vsql-schematron/mysql-test/schemas_3.schema_relationships_364543_chat w11 [ pass ]    130
[ 18%] /home/maxdemarzi/vsql-schematron/mysql-test/schemas_0.schema_relationships_007575_V_53_create_sec w2  [ pass ]    742
[ 19%] /home/maxdemarzi/vsql-schematron/mysql-test/schemas_0.schema_relationships_044768_schema_050 w12 [ pass ]    750
[ 19%] /home/maxdemarzi/vsql-schematron/mysql-test/schemas_2.schema_relationships_270289_V1_Add_App_Package_Task_Table w7  [ pass ]    130
[ 19%] /home/maxdemarzi/vsql-schematron/mysql-test/schemas_3.schema_relationships_334633_mysql_schema w3  [ pass ]    133
[ 19%] /home/maxdemarzi/vsql-schematron/mysql-test/schemas_3.schema_relationships_300765_migration w10 [ pass ]    160
[ 19%] /home/maxdemarzi/vsql-schematron/mysql-test/schemas_1.schema_relationships_151692_create_db w8  [ pass ]    118
[ 19%] /home/maxdemarzi/vsql-schematron/mysql-test/schemas_1.schema_relationships_192405_reactor w9  [ pass ]    117
[ 19%] /home/maxdemarzi/vsql-schematron/mysql-test/schemas_2.schema_relationships_233077_backup w4  [ pass ]    124
[ 19%] /home/maxdemarzi/vsql-schematron/mysql-test/schemas_3.schema_relationships_390920_carpool w5  [ pass ]    126
[ 19%] /home/maxdemarzi/vsql-schematron/mysql-test/schemas_0.schema_relationships_097573_sap_hana w6  [ pass ]    125
[ 19%] /home/maxdemarzi/vsql-schematron/mysql-test/schemas_0.schema_relationships_007923_books w2  [ pass ]    128
[ 19%] /home/maxdemarzi/vsql-schematron/mysql-test/schemas_0.schema_relationships_044935_tables_oracle w12 [ pass ]    144
[ 19%] /home/maxdemarzi/vsql-schematron/mysql-test/schemas_2.schema_relationships_271656_V1_schema w7  [ pass ]    135
[ 19%] /home/maxdemarzi/vsql-schematron/mysql-test/schemas_3.schema_relationships_335652_activiti_oracle_update_2017_03_28 w3  [ pass ]    115
[ 19%] /home/maxdemarzi/vsql-schematron/mysql-test/schemas_1.schema_relationships_151835_sqlScriptsCDB w8  [ pass ]    216
[ 19%] /home/maxdemarzi/vsql-schematron/mysql-test/schemas_3.schema_relationships_300810_schema w10 [ pass ]    198
[ 20%] /home/maxdemarzi/vsql-schematron/mysql-test/schemas_3.schema_relationships_365351_cop_smt_mtm_create_altibase w11 [ pass ]    377
[ 20%] /home/maxdemarzi/vsql-schematron/mysql-test/schemas_4.schema_relationships_421762_V_50_create_sec w1  [ pass ]    801
[ 20%] /home/maxdemarzi/vsql-schematron/mysql-test/schemas_0.schema_relationships_008288_TinyHippo w2  [ pass ]    137
[ 20%] /home/maxdemarzi/vsql-schematron/mysql-test/schemas_3.schema_relationships_391453_migration w5  [ pass ]    123
[ 20%] /home/maxdemarzi/vsql-schematron/mysql-test/schemas_2.schema_relationships_233127_dump w4  [ pass ]    224
[ 20%] /home/maxdemarzi/vsql-schematron/mysql-test/schemas_0.schema_relationships_098744_tables_h2 w6  [ pass ]    264
[ 20%] /home/maxdemarzi/vsql-schematron/mysql-test/schemas_0.schema_relationships_045051_Aula05 w12 [ pass ]    142
[ 20%] /home/maxdemarzi/vsql-schematron/mysql-test/schemas_3.schema_relationships_335916_202002071200_add_package_definitions_up w3  [ pass ]    120
[ 20%] /home/maxdemarzi/vsql-schematron/mysql-test/schemas_2.schema_relationships_271754_Schema w7  [ pass ]    148
[ 20%] /home/maxdemarzi/vsql-schematron/mysql-test/schemas_1.schema_relationships_151910_tables w8  [ pass ]    129
[ 20%] /home/maxdemarzi/vsql-schematron/mysql-test/schemas_3.schema_relationships_302249_tables w10 [ pass ]    131
[ 20%] /home/maxdemarzi/vsql-schematron/mysql-test/schemas_3.schema_relationships_365942_stock w11 [ pass ]    152
[ 20%] /home/maxdemarzi/vsql-schematron/mysql-test/schemas_4.schema_relationships_421966_DadosSql w1  [ pass ]    123
[ 20%] /home/maxdemarzi/vsql-schematron/mysql-test/schemas_0.schema_relationships_008664_Invite w2  [ pass ]    115
[ 20%] /home/maxdemarzi/vsql-schematron/mysql-test/schemas_2.schema_relationships_233772_postgresql_create_tables w4  [ pass ]    130
[ 21%] /home/maxdemarzi/vsql-schematron/mysql-test/schemas_3.schema_relationships_392244_createdb w5  [ pass ]    134
[ 21%] /home/maxdemarzi/vsql-schematron/mysql-test/schemas_0.schema_relationships_098818_06_20DB_Basics_MySQL_Table_Relations_Demo w6  [ pass ]    129
[ 21%] /home/maxdemarzi/vsql-schematron/mysql-test/schemas_1.schema_relationships_193093_schema_035 w9  [ pass ]    552
[ 21%] /home/maxdemarzi/vsql-schematron/mysql-test/schemas_3.schema_relationships_337197_oracle_create_strict w3  [ pass ]    150
[ 21%] /home/maxdemarzi/vsql-schematron/mysql-test/schemas_2.schema_relationships_272134_IphoneStore w7  [ pass ]    136
[ 21%] /home/maxdemarzi/vsql-schematron/mysql-test/schemas_1.schema_relationships_152055_01_initial w8  [ pass ]    131
[ 21%] /home/maxdemarzi/vsql-schematron/mysql-test/schemas_3.schema_relationships_302342_DATABASE_SQL w10 [ pass ]    149
[ 21%] /home/maxdemarzi/vsql-schematron/mysql-test/schemas_3.schema_relationships_366145_Final_20IPL_20ERD_20Schema w11 [ pass ]    117
[ 21%] /home/maxdemarzi/vsql-schematron/mysql-test/schemas_4.schema_relationships_422245_tableschemata w1  [ pass ]    125
[ 21%] /home/maxdemarzi/vsql-schematron/mysql-test/schemas_0.schema_relationships_008969_modlog w2  [ pass ]    121
[ 21%] /home/maxdemarzi/vsql-schematron/mysql-test/schemas_3.schema_relationships_392702_schema w5  [ pass ]    118
[ 21%] /home/maxdemarzi/vsql-schematron/mysql-test/schemas_2.schema_relationships_233852_swe w4  [ pass ]    120
[ 21%] /home/maxdemarzi/vsql-schematron/mysql-test/schemas_1.schema_relationships_193427_db_schema_test w9  [ pass ]    115
[ 21%] /home/maxdemarzi/vsql-schematron/mysql-test/schemas_2.schema_relationships_273334_data w7  [ pass ]    132
[ 21%] /home/maxdemarzi/vsql-schematron/mysql-test/schemas_3.schema_relationships_337938_oto w3  [ pass ]    147
[ 22%] /home/maxdemarzi/vsql-schematron/mysql-test/schemas_1.schema_relationships_152661_housereportdb w8  [ pass ]    132
[ 22%] /home/maxdemarzi/vsql-schematron/mysql-test/schemas_4.schema_relationships_422468_example w1  [ pass ]    211
[ 22%] /home/maxdemarzi/vsql-schematron/mysql-test/schemas_0.schema_relationships_009347_046_HIVE_17566_oracle w2  [ pass ]    165
[ 22%] /home/maxdemarzi/vsql-schematron/mysql-test/schemas_2.schema_relationships_234646_MikesBikespostgres w4  [ pass ]    162
[ 22%] /home/maxdemarzi/vsql-schematron/mysql-test/schemas_3.schema_relationships_366565_bug_442 w11 [ pass ]    119
[ 22%] /home/maxdemarzi/vsql-schematron/mysql-test/schemas_0.schema_relationships_045413_schema_047 w12 [ pass ]    487
[ 22%] /home/maxdemarzi/vsql-schematron/mysql-test/schemas_3.schema_relationships_394104_init_db w5  [ pass ]    189
[ 22%] /home/maxdemarzi/vsql-schematron/mysql-test/schemas_3.schema_relationships_302875_uss_olh_omm_create_postgres w10 [ pass ]    292
[ 22%] /home/maxdemarzi/vsql-schematron/mysql-test/schemas_1.schema_relationships_193459_raw_data w9  [ pass ]    220
[ 22%] /home/maxdemarzi/vsql-schematron/mysql-test/schemas_3.schema_relationships_338606_create_script w3  [ pass ]    131
[ 22%] /home/maxdemarzi/vsql-schematron/mysql-test/schemas_2.schema_relationships_273346_V1_CreateTables w7  [ pass ]    167
[ 22%] /home/maxdemarzi/vsql-schematron/mysql-test/schemas_0.schema_relationships_010016_2_skills_up w2  [ pass ]    120
[ 22%] /home/maxdemarzi/vsql-schematron/mysql-test/schemas_4.schema_relationships_422836_er w1  [ pass ]    152
[ 22%] /home/maxdemarzi/vsql-schematron/mysql-test/schemas_2.schema_relationships_234884_1466857484 w4  [ pass ]    158
[ 22%] /home/maxdemarzi/vsql-schematron/mysql-test/schemas_3.schema_relationships_394120_schema w5  [ pass ]    129
[ 23%] /home/maxdemarzi/vsql-schematron/mysql-test/schemas_3.schema_relationships_366792_job w11 [ pass ]    121
[ 23%] /home/maxdemarzi/vsql-schematron/mysql-test/schemas_0.schema_relationships_045613_V20180613110701_eg_pg_quartz_ddl w12 [ pass ]    165
[ 23%] /home/maxdemarzi/vsql-schematron/mysql-test/schemas_0.schema_relationships_098943_V_53_create_sec w6  [ pass ]    750
[ 23%] /home/maxdemarzi/vsql-schematron/mysql-test/schemas_3.schema_relationships_303083_schema_objects w10 [ pass ]    141
[ 23%] /home/maxdemarzi/vsql-schematron/mysql-test/schemas_1.schema_relationships_193511_dataengineering w9  [ pass ]    134
[ 23%] /home/maxdemarzi/vsql-schematron/mysql-test/schemas_2.schema_relationships_274138_V000_0002_Accounts w7  [ pass ]    124
[ 23%] /home/maxdemarzi/vsql-schematron/mysql-test/schemas_0.schema_relationships_010152_17 w2  [ pass ]    121
[ 23%] /home/maxdemarzi/vsql-schematron/mysql-test/schemas_4.schema_relationships_423363_dbProject w1  [ pass ]    138
[ 23%] /home/maxdemarzi/vsql-schematron/mysql-test/schemas_3.schema_relationships_394461_V1_init w5  [ pass ]    135
[ 23%] /home/maxdemarzi/vsql-schematron/mysql-test/schemas_0.schema_relationships_047193_migration w12 [ pass ]    131
[ 23%] /home/maxdemarzi/vsql-schematron/mysql-test/schemas_3.schema_relationships_339020_utl_sys_ssy_create_postgres w3  [ pass ]    292
[ 23%] /home/maxdemarzi/vsql-schematron/mysql-test/schemas_2.schema_relationships_234959_schema_pgsql w4  [ pass ]    142
[ 23%] /home/maxdemarzi/vsql-schematron/mysql-test/schemas_1.schema_relationships_153032_oprpg4_info_mysql w8  [ pass ]    504
[ 23%] /home/maxdemarzi/vsql-schematron/mysql-test/schemas_3.schema_relationships_303153_MenswearDB w10 [ pass ]    136
[ 23%] /home/maxdemarzi/vsql-schematron/mysql-test/schemas_3.schema_relationships_367709_V1_Add_App_Package_Task_Table w11 [ pass ]    142
[ 24%] /home/maxdemarzi/vsql-schematron/mysql-test/schemas_0.schema_relationships_098950_schema_h2 w6  [ pass ]    137
[ 24%] /home/maxdemarzi/vsql-schematron/mysql-test/schemas_1.schema_relationships_194085_database w9  [ pass ]    136
[ 24%] /home/maxdemarzi/vsql-schematron/mysql-test/schemas_2.schema_relationships_274312_db_sois_accomplishmentreport w7  [ pass ]    169
[ 24%] /home/maxdemarzi/vsql-schematron/mysql-test/schemas_0.schema_relationships_010256_createDatabase w2  [ pass ]    126
[ 24%] /home/maxdemarzi/vsql-schematron/mysql-test/schemas_4.schema_relationships_424020_cake_control_pg w1  [ pass ]    124
[ 24%] /home/maxdemarzi/vsql-schematron/mysql-test/schemas_3.schema_relationships_339628_category w3  [ pass ]    110
[ 24%] /home/maxdemarzi/vsql-schematron/mysql-test/schemas_2.schema_relationships_235004_V4_18_create_parse_workout_table w4  [ pass ]    191
[ 24%] /home/maxdemarzi/vsql-schematron/mysql-test/schemas_3.schema_relationships_394511_ECRM_DB_SCRIPT_V16 w5  [ pass ]    231
[ 24%] /home/maxdemarzi/vsql-schematron/mysql-test/schemas_1.schema_relationships_153064_slplat w8  [ pass ]    213
[ 24%] /home/maxdemarzi/vsql-schematron/mysql-test/schemas_0.schema_relationships_047383_postgres_create w12 [ pass ]    114
[ 24%] /home/maxdemarzi/vsql-schematron/mysql-test/schemas_1.schema_relationships_194163_h2_ddl w9  [ pass ]    162
[ 24%] /home/maxdemarzi/vsql-schematron/mysql-test/schemas_3.schema_relationships_367930_20191105162011_InitialCreate w11 [ pass ]    209
[ 24%] /home/maxdemarzi/vsql-schematron/mysql-test/schemas_0.schema_relationships_010257_bunnies w2  [ pass ]    130
[ 24%] /home/maxdemarzi/vsql-schematron/mysql-test/schemas_2.schema_relationships_274745_schema w7  [ pass ]    161
[ 25%] /home/maxdemarzi/vsql-schematron/mysql-test/schemas_4.schema_relationships_424050_1501098155 w1  [ pass ]    136
[ 25%] /home/maxdemarzi/vsql-schematron/mysql-test/schemas_3.schema_relationships_340107_1495013854 w3  [ pass ]    146
[ 25%] /home/maxdemarzi/vsql-schematron/mysql-test/schemas_1.schema_relationships_153604_init w8  [ pass ]    124
[ 25%] /home/maxdemarzi/vsql-schematron/mysql-test/schemas_3.schema_relationships_394538_tables_mysql_innodb w5  [ pass ]    169
[ 25%] /home/maxdemarzi/vsql-schematron/mysql-test/schemas_1.schema_relationships_194486_jsalin19_638 w9  [ pass ]    130
[ 25%] /home/maxdemarzi/vsql-schematron/mysql-test/schemas_0.schema_relationships_047891_complete_v4 w12 [ pass ]    153
[ 25%] /home/maxdemarzi/vsql-schematron/mysql-test/schemas_3.schema_relationships_368388_postgresql_ddl w11 [ pass ]    160
[ 25%] /home/maxdemarzi/vsql-schematron/mysql-test/schemas_0.schema_relationships_010546_167_20Teaching_20Requests w2  [ pass ]    115
[ 25%] /home/maxdemarzi/vsql-schematron/mysql-test/schemas_3.schema_relationships_304155_schema_051 w10 [ pass ]    605
[ 25%] /home/maxdemarzi/vsql-schematron/mysql-test/schemas_2.schema_relationships_275337_sqlite w7  [ pass ]    137
[ 25%] /home/maxdemarzi/vsql-schematron/mysql-test/schemas_4.schema_relationships_424392_migration w1  [ pass ]    131
[ 25%] /home/maxdemarzi/vsql-schematron/mysql-test/schemas_3.schema_relationships_340408_migration w3  [ pass ]    133
[ 25%] /home/maxdemarzi/vsql-schematron/mysql-test/schemas_1.schema_relationships_153696_V0_0_1_SBMWA_structure w8  [ pass ]    126
[ 25%] /home/maxdemarzi/vsql-schematron/mysql-test/schemas_3.schema_relationships_396638_studentLecturerSchoolTable w5  [ pass ]    126
[ 25%] /home/maxdemarzi/vsql-schematron/mysql-test/schemas_1.schema_relationships_194876_ddl w9  [ pass ]    130
[ 26%] /home/maxdemarzi/vsql-schematron/mysql-test/schemas_3.schema_relationships_368813_anuncio w11 [ pass ]    123
[ 26%] /home/maxdemarzi/vsql-schematron/mysql-test/schemas_0.schema_relationships_048328_ddl w12 [ pass ]    134
[ 26%] /home/maxdemarzi/vsql-schematron/mysql-test/schemas_3.schema_relationships_304869_table_creation w10 [ pass ]    130
[ 26%] /home/maxdemarzi/vsql-schematron/mysql-test/schemas_2.schema_relationships_276304_V1_initial_structure w7  [ pass ]    122
[ 26%] /home/maxdemarzi/vsql-schematron/mysql-test/schemas_3.schema_relationships_340543_Database_Basics_MySQL_Exam_9_Jun_2019 w3  [ pass ]    121
[ 26%] /home/maxdemarzi/vsql-schematron/mysql-test/schemas_0.schema_relationships_099026_schema_143 w6  [ pass ]   1121
[ 26%] /home/maxdemarzi/vsql-schematron/mysql-test/schemas_3.schema_relationships_399074_database1_2 w5  [ pass ]    237
[ 26%] /home/maxdemarzi/vsql-schematron/mysql-test/schemas_1.schema_relationships_195029_up w9  [ pass ]    211
[ 26%] /home/maxdemarzi/vsql-schematron/mysql-test/schemas_0.schema_relationships_048837_V2_Create_Control_Algorithm_Tables w12 [ pass ]    201
[ 26%] /home/maxdemarzi/vsql-schematron/mysql-test/schemas_3.schema_relationships_369043_shopwe w11 [ pass ]    228
[ 26%] /home/maxdemarzi/vsql-schematron/mysql-test/schemas_2.schema_relationships_276978_V1_init_tables w7  [ pass ]    184
[ 26%] /home/maxdemarzi/vsql-schematron/mysql-test/schemas_3.schema_relationships_305318_complete_v9 w10 [ fail ]
        Test ended at 2026-06-06 01:07:32

CURRENT_TEST: /home/maxdemarzi/vsql-schematron/mysql-test/schemas_3.schema_relationships_305318_complete_v9
--- /home/maxdemarzi/vsql-schematron/mysql-test/schemas_3/r/schema_relationships_305318_complete_v9.result	2026-06-05 18:52:51.748747911 +0300
+++ /home/maxdemarzi/build/villagesql/mysql-test/var/10/log/schema_relationships_305318_complete_v9.reject	2026-06-06 04:07:32.143678581 +0300
@@ -94,6 +94,7 @@
 [Implied]  DEVICE_WATCHDOG.userId -> USER_HOUSE_ACCESS.userId
 [Implied]  FAVORITE_SENSOR.sensorId -> SENSOR.id
 [Implied]  FAVORITE_SENSOR.userId -> USER_HOUSE_ACCESS.userId
+[Implied]  LOGIN_USER.google_sub -> LOGIN_USER.id
 [Implied]  SENSOR.deviceid -> DEVICE.id
 [Implied]  USER_HOUSE_ACCESS.houseId -> HOUSE.id
 [Implied]  USER_HOUSE_ACCESS.userId -> FAVORITE_SENSOR.userId

mysqltest: Result length mismatch


The result from queries just before the failure was:
) CHARACTER SET latin1;
SELECT vsql_schema_relationships('db_305318_complete_v9') AS relationships;
relationships
Database: db_305318_complete_v9

Table Connections:
------------------
[Implied]  DEVICE.houseid -> HOUSE.id
[Implied]  DEVICE_WATCHDOG.deviceId -> DEVICE.id
[Implied]  DEVICE_WATCHDOG.userId -> USER_HOUSE_ACCESS.userId
[Implied]  FAVORITE_SENSOR.sensorId -> SENSOR.id
[Implied]  FAVORITE_SENSOR.userId -> USER_HOUSE_ACCESS.userId
[Implied]  LOGIN_USER.google_sub -> LOGIN_USER.id
[Implied]  SENSOR.deviceid -> DEVICE.id
[Implied]  USER_HOUSE_ACCESS.houseId -> HOUSE.id
[Implied]  USER_HOUSE_ACCESS.userId -> FAVORITE_SENSOR.userId
[Implied]  USER_HOUSE_ACCESS.userId -> LOGIN_USER.id

DROP DATABASE `db_305318_complete_v9`;
UNINSTALL EXTENSION vsql_schematron;
safe_process[1445983]: Child process: 1445984, exit: 1

 - the logfile can be found in '/home/maxdemarzi/build/villagesql/mysql-test/var/log/schemas_3.schema_relationships_305318_complete_v9/schema_relationships_305318_complete_v9.log'

------------------------------------------------------------------------------
397  of 1483 test(s) completed.
Not all tests completed: /home/maxdemarzi/vsql-schematron/mysql-test/schemas_0.schema_relationships_010731_V_52_create_sec /home/maxdemarzi/vsql-schematron/mysql-test/schemas_0.schema_relationships_010758_V1_create_initial_tables /home/maxdemarzi/vsql-schematron/mysql-test/schemas_0.schema_relationships_011015_ncc /home/maxdemarzi/vsql-schematron/mysql-test/schemas_0.schema_relationships_011309_wf_mproduct /home/maxdemarzi/vsql-schematron/mysql-test/schemas_0.schema_relationships_011393_quartz_tables /home/maxdemarzi/vsql-schematron/mysql-test/schemas_0.schema_relationships_011452_schema /home/maxdemarzi/vsql-schematron/mysql-test/schemas_0.schema_relationships_011779_tasky /home/maxdemarzi/vsql-schematron/mysql-test/schemas_0.schema_relationships_012020_V1_1_Create /home/maxdemarzi/vsql-schematron/mysql-test/schemas_0.schema_relationships_012162_flowable_postgres_upgradestep_5_99_0_to_6_0_0_identity /home/maxdemarzi/vsql-schematron/mysql-test/schemas_0.schema_relationships_012571_070_customer_mysql /home/maxdemarzi/vsql-schematron/mysql-test/schemas_0.schema_relationships_012749_latest_electro_v_1 /home/maxdemarzi/vsql-schematron/mysql-test/schemas_0.schema_relationships_012850_quartz_postgresql /home/maxdemarzi/vsql-schematron/mysql-test/schemas_0.schema_relationships_012979_project /home/maxdemarzi/vsql-schematron/mysql-test/schemas_0.schema_relationships_013070_quartz /home/maxdemarzi/vsql-schematron/mysql-test/schemas_0.schema_relationships_013433_V1_1_Create /home/maxdemarzi/vsql-schematron/mysql-test/schemas_0.schema_relationships_013533_1452123409 /home/maxdemarzi/vsql-schematron/mysql-test/schemas_0.schema_relationships_013723_quartz /home/maxdemarzi/vsql-schematron/mysql-test/schemas_0.schema_relationships_013865_cc_schema /home/maxdemarzi/vsql-schematron/mysql-test/schemas_0.schema_relationships_014227_V2_10_0_Initial /home/maxdemarzi/vsql-schematron/mysql-test/schemas_0.schema_relationships_015844_dump2 /home/maxdemarzi/vsql-schematron/mysql-test/schemas_0.schema_relationships_016342_banco /home/maxdemarzi/vsql-schematron/mysql-test/schemas_0.schema_relationships_016356_index_cardinality_005 /home/maxdemarzi/vsql-schematron/mysql-test/schemas_0.schema_relationships_016656_tables_hsqldb /home/maxdemarzi/vsql-schematron/mysql-test/schemas_0.schema_relationships_016742_init /home/maxdemarzi/vsql-schematron/mysql-test/schemas_0.schema_relationships_016898_1499462093 /home/maxdemarzi/vsql-schematron/mysql-test/schemas_0.schema_relationships_016987_migration /home/maxdemarzi/vsql-schematron/mysql-test/schemas_0.schema_relationships_017214_initdb /home/maxdemarzi/vsql-schematron/mysql-test/schemas_0.schema_relationships_017220_sakai_realm /home/maxdemarzi/vsql-schematron/mysql-test/schemas_0.schema_relationships_017791_uss_sam_cpy_create_postgres /home/maxdemarzi/vsql-schematron/mysql-test/schemas_0.schema_relationships_017832_xxl_job /home/maxdemarzi/vsql-schematron/mysql-test/schemas_0.schema_relationships_018045_Normalised /home/maxdemarzi/vsql-schematron/mysql-test/schemas_0.schema_relationships_018540_schema /home/maxdemarzi/vsql-schematron/mysql-test/schemas_0.schema_relationships_019058_schema /home/maxdemarzi/vsql-schematron/mysql-test/schemas_0.schema_relationships_020085_V2_10_0_Initial /home/maxdemarzi/vsql-schematron/mysql-test/schemas_0.schema_relationships_020891_V01_impl_usuario /home/maxdemarzi/vsql-schematron/mysql-test/schemas_0.schema_relationships_021038_EP3_9790930_MODULE_CURRICULUM_DDL /home/maxdemarzi/vsql-schematron/mysql-test/schemas_0.schema_relationships_022019_schema_053 /home/maxdemarzi/vsql-schematron/mysql-test/schemas_0.schema_relationships_022067_gdo_database /home/maxdemarzi/vsql-schematron/mysql-test/schemas_0.schema_relationships_022927_V_1_create_secb /home/maxdemarzi/vsql-schematron/mysql-test/schemas_0.schema_relationships_023243_V0_initialize /home/maxdemarzi/vsql-schematron/mysql-test/schemas_0.schema_relationships_023578_uss_ion_ecc_create_postgres /home/maxdemarzi/vsql-schematron/mysql-test/schemas_0.schema_relationships_023805_table /home/maxdemarzi/vsql-schematron/mysql-test/schemas_0.schema_relationships_024002_V1_0_0_init_schemas /home/maxdemarzi/vsql-schematron/mysql-test/schemas_0.schema_relationships_024361_modlog /home/maxdemarzi/vsql-schematron/mysql-test/schemas_0.schema_relationships_024518_mysql01 /home/maxdemarzi/vsql-schematron/mysql-test/schemas_0.schema_relationships_024544_mysql_3_6_all /home/maxdemarzi/vsql-schematron/mysql-test/schemas_0.schema_relationships_025032_Old_Commands_Dont_delete /home/maxdemarzi/vsql-schematron/mysql-test/schemas_0.schema_relationships_025330_1_install_up /home/maxdemarzi/vsql-schematron/mysql-test/schemas_0.schema_relationships_025534_150101051 /home/maxdemarzi/vsql-schematron/mysql-test/schemas_0.schema_relationships_025653_create_db ... and 1036 more

The servers were restarted 0 times
The servers were reinitialized 0 times
Spent 89.250 of 20 seconds executing testcases

In completed tests: Failed 1/397 tests, 99.75% were successful.

Failing test(s): /home/maxdemarzi/vsql-schematron/mysql-test/schemas_3.schema_relationships_305318_complete_v9

The log files in var/log may give you some hint of what went wrong.

If you want to report this error, please read first the documentation
at http://dev.mysql.com/doc/mysql/en/mysql-test-suite.html

mysql-test-run: *** ERROR: there were failing test cases
